<?xml version="1.0" encoding="UTF-8"?>
<testsuite name="com.kodilla.stream.beautifier.BeautifierTestSuite" tests="1" skipped="0" failures="0" errors="0" timestamp="2018-09-20T10:23:50" hostname="DESKTOP-IL9LPOJ" time="0.002">
  <properties/>
  <testcase name="testingBeautifier" classname="com.kodilla.stream.beautifier.BeautifierTestSuite" time="0.002"/>
  <system-out><![CDATA[]]></system-out>
  <system-err><![CDATA[]]></system-err>
</testsuite>
