<?xml version="1.0" encoding="UTF-8"?>
<testsuite name="com.kodilla.testing.shape.ShapeCollectorTestSuite" tests="4" skipped="0" failures="0" errors="0" timestamp="2018-09-13T09:22:25" hostname="DESKTOP-IL9LPOJ" time="0.004">
  <properties/>
  <testcase name="testShowFigures" classname="com.kodilla.testing.shape.ShapeCollectorTestSuite" time="0.002"/>
  <testcase name="testRemoveFigure" classname="com.kodilla.testing.shape.ShapeCollectorTestSuite" time="0.001"/>
  <testcase name="testAddFigure" classname="com.kodilla.testing.shape.ShapeCollectorTestSuite" time="0.0"/>
  <testcase name="testGetFigure" classname="com.kodilla.testing.shape.ShapeCollectorTestSuite" time="0.001"/>
  <system-out><![CDATA[Test Suite: begin
Test Case: begin test no. 1
Test Case: finished test no. 1
Test Case: begin test no. 2
Test Case: finished test no. 2
Test Case: begin test no. 3
Test Case: finished test no. 3
Test Case: begin test no. 4
Test Case: finished test no. 4
Test Suite: end
]]></system-out>
  <system-err><![CDATA[]]></system-err>
</testsuite>
