<?xml version="1.0" encoding="UTF-8"?>
<testsuite name="com.kodilla.testing.weather.mock.WeatherForecastTestSuite" tests="1" skipped="0" failures="0" errors="0" timestamp="2018-09-13T09:22:25" hostname="DESKTOP-IL9LPOJ" time="0.004">
  <properties/>
  <testcase name="testCalculateForecastWithMock" classname="com.kodilla.testing.weather.mock.WeatherForecastTestSuite" time="0.004"/>
  <system-out><![CDATA[]]></system-out>
  <system-err><![CDATA[]]></system-err>
</testsuite>
